<?xml version="1.0" encoding="UTF-8" ?>
<testsuite failures="0" time="0.755" errors="0" skipped="0" tests="11" name="eu.europa.ec.fisheries.uvms.config.model.ConfigDatasourceResponseMapperTest">
  <properties>
[...]
</properties>
  <testcase time="0.009" classname="eu.europa.ec.fisheries.uvms.config.model.ConfigDatasourceResponseMapperTest" name="test_toDeleteSettingRequest"/>
  <testcase time="0.039" classname="eu.europa.ec.fisheries.uvms.config.model.ConfigDatasourceResponseMapperTest" name="test_toGetSettingRequest"/>
  <testcase time="0.034" classname="eu.europa.ec.fisheries.uvms.config.model.ConfigDatasourceResponseMapperTest" name="test_toUpdateSettingRequest"/>
  <testcase time="0.039" classname="eu.europa.ec.fisheries.uvms.config.model.ConfigDatasourceResponseMapperTest" name="test_toListSettingsRequest"/>
  <testcase time="0.506" classname="eu.europa.ec.fisheries.uvms.config.model.ConfigDatasourceResponseMapperTest" name="testListSettingsResponse"/>
  <testcase time="0.034" classname="eu.europa.ec.fisheries.uvms.config.model.ConfigDatasourceResponseMapperTest" name="testGetSettingResponse"/>
  <testcase time="0.009" classname="eu.europa.ec.fisheries.uvms.config.model.ConfigDatasourceResponseMapperTest" name="testCreateSettingResponse"/>
  <testcase time="0.009" classname="eu.europa.ec.fisheries.uvms.config.model.ConfigDatasourceResponseMapperTest" name="testUpdateSettingResponse"/>
  <testcase time="0.007" classname="eu.europa.ec.fisheries.uvms.config.model.ConfigDatasourceResponseMapperTest" name="test_requiresCorrelationId"/>
  <testcase time="0.038" classname="eu.europa.ec.fisheries.uvms.config.model.ConfigDatasourceResponseMapperTest" name="testCatalogFromSettingCatalogResponse"/>
  <testcase time="0.031" classname="eu.europa.ec.fisheries.uvms.config.model.ConfigDatasourceResponseMapperTest" name="test_toGetSettingsCatalogRequest"/>
</testsuite>